<?xml version="1.0" encoding="UTF-8"?>
<!-- Generated by org.testng.reporters.JUnitXMLReporter -->
<testsuite hostname="DESKTOP-D4SHPE1" name="Default test" tests="47" failures="0" timestamp="30 Nov 2019 04:46:27 GMT" time="64.219" errors="0">
  <testcase name="@BeforeMethod browse" time="0.0" classname="com.eit.stepdefinition.Grid_View_page_test_case">
    <failure type="org.openqa.selenium.NoSuchWindowException" message="no such window: target window already closed
from unknown error: web view not found
  (Session info: chrome=78.0.3904.108)
Build info: version: &amp;apos;4.0.0-alpha-2&amp;apos;, revision: &amp;apos;f148142cf8&amp;apos;, time: &amp;apos;2019-07-01T20:55:26&amp;apos;
System info: host: &amp;apos;DESKTOP-D4SHPE1&amp;apos;, ip: &amp;apos;10.10.10.6&amp;apos;, os.name: &amp;apos;Windows 10&amp;apos;, os.arch: &amp;apos;amd64&amp;apos;, os.version: &amp;apos;10.0&amp;apos;, java.version: &amp;apos;1.8.0_181&amp;apos;
Driver info: org.openqa.selenium.chrome.ChromeDriver
Capabilities {acceptInsecureCerts: false, browserName: chrome, browserVersion: 78.0.3904.108, chrome: {chromedriverVersion: 78.0.3904.105 (60e2d8774a81..., userDataDir: C:\Users\EIT-JA~1\AppData\L...}, goog:chromeOptions: {debuggerAddress: localhost:52179}, javascriptEnabled: true, networkConnectionEnabled: false, pageLoadStrategy: normal, platform: XP, platformName: XP, proxy: Proxy(), setWindowRect: true, strictFileInteractability: false, timeouts: {implicit: 0, pageLoad: 300000, script: 30000}, unhandledPromptBehavior: dismiss and notify}
Session ID: 1fe8836a42478b8c95ae234d92edaeab">
      <![CDATA[org.openqa.selenium.NoSuchWindowException: no such window: target window already closed
from unknown error: web view not found
  (Session info: chrome=78.0.3904.108)
Build info: version: '4.0.0-alpha-2', revision: 'f148142cf8', time: '2019-07-01T20:55:26'
System info: host: 'DESKTOP-D4SHPE1', ip: '10.10.10.6', os.name: 'Windows 10', os.arch: 'amd64', os.version: '10.0', java.version: '1.8.0_181'
Driver info: org.openqa.selenium.chrome.ChromeDriver
Capabilities {acceptInsecureCerts: false, browserName: chrome, browserVersion: 78.0.3904.108, chrome: {chromedriverVersion: 78.0.3904.105 (60e2d8774a81..., userDataDir: C:\Users\EIT-JA~1\AppData\L...}, goog:chromeOptions: {debuggerAddress: localhost:52179}, javascriptEnabled: true, networkConnectionEnabled: false, pageLoadStrategy: normal, platform: XP, platformName: XP, proxy: Proxy(), setWindowRect: true, strictFileInteractability: false, timeouts: {implicit: 0, pageLoad: 300000, script: 30000}, unhandledPromptBehavior: dismiss and notify}
Session ID: 1fe8836a42478b8c95ae234d92edaeab
	at sun.reflect.NativeConstructorAccessorImpl.newInstance0(Native Method)
	at sun.reflect.NativeConstructorAccessorImpl.newInstance(Unknown Source)
	at sun.reflect.DelegatingConstructorAccessorImpl.newInstance(Unknown Source)
	at java.lang.reflect.Constructor.newInstance(Unknown Source)
	at org.openqa.selenium.remote.codec.w3c.W3CHttpResponseCodec.createException(W3CHttpResponseCodec.java:191)
	at org.openqa.selenium.remote.codec.w3c.W3CHttpResponseCodec.decode(W3CHttpResponseCodec.java:125)
	at org.openqa.selenium.remote.codec.w3c.W3CHttpResponseCodec.decode(W3CHttpResponseCodec.java:52)
	at org.openqa.selenium.remote.HttpCommandExecutor.execute(HttpCommandExecutor.java:161)
	at org.openqa.selenium.remote.service.DriverCommandExecutor.execute(DriverCommandExecutor.java:83)
	at org.openqa.selenium.remote.RemoteWebDriver.execute(RemoteWebDriver.java:576)
	at org.openqa.selenium.remote.RemoteWebDriver.execute(RemoteWebDriver.java:633)
	at org.openqa.selenium.remote.RemoteWebDriver.execute(RemoteWebDriver.java:637)
	at org.openqa.selenium.remote.RemoteWebDriver$RemoteWebDriverOptions$RemoteWindow.maximize(RemoteWebDriver.java:884)
	at com.eit.resource.base.openbrowser(base.java:62)
	at com.eit.stepdefinition.Grid_View_page_test_case.browse(Grid_View_page_test_case.java:35)
	at sun.reflect.NativeMethodAccessorImpl.invoke0(Native Method)
	at sun.reflect.NativeMethodAccessorImpl.invoke(Unknown Source)
	at sun.reflect.DelegatingMethodAccessorImpl.invoke(Unknown Source)
	at java.lang.reflect.Method.invoke(Unknown Source)
	at org.testng.internal.MethodInvocationHelper.invokeMethod(MethodInvocationHelper.java:84)
	at org.testng.internal.Invoker.invokeConfigurationMethod(Invoker.java:564)
	at org.testng.internal.Invoker.invokeConfigurations(Invoker.java:213)
	at org.testng.internal.Invoker.invokeMethod(Invoker.java:653)
	at org.testng.internal.Invoker.invokeTestMethod(Invoker.java:901)
	at org.testng.internal.Invoker.invokeTestMethods(Invoker.java:1231)
	at org.testng.internal.TestMethodWorker.invokeTestMethods(TestMethodWorker.java:127)
	at org.testng.internal.TestMethodWorker.run(TestMethodWorker.java:111)
	at org.testng.TestRunner.privateRun(TestRunner.java:767)
	at org.testng.TestRunner.run(TestRunner.java:617)
	at org.testng.SuiteRunner.runTest(SuiteRunner.java:334)
	at org.testng.SuiteRunner.runSequentially(SuiteRunner.java:329)
	at org.testng.SuiteRunner.privateRun(SuiteRunner.java:291)
	at org.testng.SuiteRunner.run(SuiteRunner.java:240)
	at org.testng.SuiteRunnerWorker.runSuite(SuiteRunnerWorker.java:52)
	at org.testng.SuiteRunnerWorker.run(SuiteRunnerWorker.java:86)
	at org.testng.TestNG.runSuitesSequentially(TestNG.java:1224)
	at org.testng.TestNG.runSuitesLocally(TestNG.java:1149)
	at org.testng.TestNG.run(TestNG.java:1057)
	at org.testng.remote.AbstractRemoteTestNG.run(AbstractRemoteTestNG.java:114)
	at org.testng.remote.RemoteTestNG.initAndRun(RemoteTestNG.java:251)
	at org.testng.remote.RemoteTestNG.main(RemoteTestNG.java:77)
]]>
    </failure>
  </testcase> <!-- @BeforeMethod browse -->
  <testcase name="@AfterMethod close" time="0.0" classname="com.eit.stepdefinition.Grid_View_page_test_case">
    <skipped/>
  </testcase> <!-- @AfterMethod close -->
  <testcase name="@BeforeMethod browse" time="0.0" classname="com.eit.stepdefinition.Grid_View_page_test_case">
    <skipped/>
  </testcase> <!-- @BeforeMethod browse -->
  <testcase name="@AfterMethod close" time="0.0" classname="com.eit.stepdefinition.Grid_View_page_test_case">
    <skipped/>
  </testcase> <!-- @AfterMethod close -->
  <testcase name="@BeforeMethod browse" time="0.0" classname="com.eit.stepdefinition.Grid_View_page_test_case">
    <skipped/>
  </testcase> <!-- @BeforeMethod browse -->
  <testcase name="@AfterMethod close" time="0.0" classname="com.eit.stepdefinition.Grid_View_page_test_case">
    <skipped/>
  </testcase> <!-- @AfterMethod close -->
  <testcase name="@BeforeMethod browse" time="0.0" classname="com.eit.stepdefinition.Grid_View_page_test_case">
    <skipped/>
  </testcase> <!-- @BeforeMethod browse -->
  <testcase name="@AfterMethod close" time="0.0" classname="com.eit.stepdefinition.Grid_View_page_test_case">
    <skipped/>
  </testcase> <!-- @AfterMethod close -->
  <testcase name="@BeforeMethod browse" time="0.0" classname="com.eit.stepdefinition.Grid_View_page_test_case">
    <skipped/>
  </testcase> <!-- @BeforeMethod browse -->
  <testcase name="@AfterMethod close" time="0.0" classname="com.eit.stepdefinition.Grid_View_page_test_case">
    <skipped/>
  </testcase> <!-- @AfterMethod close -->
  <testcase name="@BeforeMethod browse" time="0.0" classname="com.eit.stepdefinition.Grid_View_page_test_case">
    <skipped/>
  </testcase> <!-- @BeforeMethod browse -->
  <testcase name="@AfterMethod close" time="0.0" classname="com.eit.stepdefinition.Grid_View_page_test_case">
    <skipped/>
  </testcase> <!-- @AfterMethod close -->
  <testcase name="@BeforeMethod browse" time="0.0" classname="com.eit.stepdefinition.Grid_View_page_test_case">
    <skipped/>
  </testcase> <!-- @BeforeMethod browse -->
  <testcase name="@AfterMethod close" time="0.0" classname="com.eit.stepdefinition.Grid_View_page_test_case">
    <skipped/>
  </testcase> <!-- @AfterMethod close -->
  <testcase name="@BeforeMethod browse" time="0.0" classname="com.eit.stepdefinition.Grid_View_page_test_case">
    <skipped/>
  </testcase> <!-- @BeforeMethod browse -->
  <testcase name="@AfterMethod close" time="0.0" classname="com.eit.stepdefinition.Grid_View_page_test_case">
    <skipped/>
  </testcase> <!-- @AfterMethod close -->
  <testcase name="@BeforeMethod browse" time="0.0" classname="com.eit.stepdefinition.Grid_View_page_test_case">
    <skipped/>
  </testcase> <!-- @BeforeMethod browse -->
  <testcase name="@AfterMethod close" time="0.0" classname="com.eit.stepdefinition.Grid_View_page_test_case">
    <skipped/>
  </testcase> <!-- @AfterMethod close -->
  <testcase name="@BeforeMethod browse" time="0.0" classname="com.eit.stepdefinition.Grid_View_page_test_case">
    <skipped/>
  </testcase> <!-- @BeforeMethod browse -->
  <testcase name="@AfterMethod close" time="0.0" classname="com.eit.stepdefinition.Grid_View_page_test_case">
    <skipped/>
  </testcase> <!-- @AfterMethod close -->
  <testcase name="@BeforeMethod browse" time="0.0" classname="com.eit.stepdefinition.Grid_View_page_test_case">
    <skipped/>
  </testcase> <!-- @BeforeMethod browse -->
  <testcase name="@AfterMethod close" time="0.0" classname="com.eit.stepdefinition.Grid_View_page_test_case">
    <skipped/>
  </testcase> <!-- @AfterMethod close -->
  <testcase name="@BeforeMethod browse" time="0.0" classname="com.eit.stepdefinition.Grid_View_page_test_case">
    <skipped/>
  </testcase> <!-- @BeforeMethod browse -->
  <testcase name="@AfterMethod close" time="0.0" classname="com.eit.stepdefinition.Grid_View_page_test_case">
    <skipped/>
  </testcase> <!-- @AfterMethod close -->
  <testcase name="@BeforeMethod browse" time="0.0" classname="com.eit.stepdefinition.Grid_View_page_test_case">
    <skipped/>
  </testcase> <!-- @BeforeMethod browse -->
  <testcase name="@AfterMethod close" time="0.0" classname="com.eit.stepdefinition.Grid_View_page_test_case">
    <skipped/>
  </testcase> <!-- @AfterMethod close -->
  <testcase name="@BeforeMethod browse" time="0.0" classname="com.eit.stepdefinition.Grid_View_page_test_case">
    <skipped/>
  </testcase> <!-- @BeforeMethod browse -->
  <testcase name="@AfterMethod close" time="0.0" classname="com.eit.stepdefinition.Grid_View_page_test_case">
    <skipped/>
  </testcase> <!-- @AfterMethod close -->
  <testcase name="@BeforeMethod browse" time="0.0" classname="com.eit.stepdefinition.Grid_View_page_test_case">
    <skipped/>
  </testcase> <!-- @BeforeMethod browse -->
  <testcase name="@AfterMethod close" time="0.0" classname="com.eit.stepdefinition.Grid_View_page_test_case">
    <skipped/>
  </testcase> <!-- @AfterMethod close -->
  <testcase name="@BeforeMethod browse" time="0.0" classname="com.eit.stepdefinition.Grid_View_page_test_case">
    <skipped/>
  </testcase> <!-- @BeforeMethod browse -->
  <testcase name="@AfterMethod close" time="0.0" classname="com.eit.stepdefinition.Grid_View_page_test_case">
    <skipped/>
  </testcase> <!-- @AfterMethod close -->
  <testcase name="@BeforeMethod browse" time="0.0" classname="com.eit.stepdefinition.Grid_View_page_test_case">
    <skipped/>
  </testcase> <!-- @BeforeMethod browse -->
  <testcase name="@AfterMethod close" time="0.0" classname="com.eit.stepdefinition.Grid_View_page_test_case">
    <skipped/>
  </testcase> <!-- @AfterMethod close -->
  <testcase name="@BeforeMethod browse" time="0.0" classname="com.eit.stepdefinition.Grid_View_page_test_case">
    <skipped/>
  </testcase> <!-- @BeforeMethod browse -->
  <testcase name="@AfterMethod close" time="0.0" classname="com.eit.stepdefinition.Grid_View_page_test_case">
    <skipped/>
  </testcase> <!-- @AfterMethod close -->
  <testcase name="@BeforeMethod browse" time="0.0" classname="com.eit.stepdefinition.Grid_View_page_test_case">
    <skipped/>
  </testcase> <!-- @BeforeMethod browse -->
  <testcase name="@AfterMethod close" time="0.0" classname="com.eit.stepdefinition.Grid_View_page_test_case">
    <skipped/>
  </testcase> <!-- @AfterMethod close -->
  <testcase name="@BeforeMethod browse" time="0.0" classname="com.eit.stepdefinition.Grid_View_page_test_case">
    <skipped/>
  </testcase> <!-- @BeforeMethod browse -->
  <testcase name="@AfterMethod close" time="0.0" classname="com.eit.stepdefinition.Grid_View_page_test_case">
    <skipped/>
  </testcase> <!-- @AfterMethod close -->
  <testcase name="@BeforeMethod browse" time="0.0" classname="com.eit.stepdefinition.Grid_View_page_test_case">
    <skipped/>
  </testcase> <!-- @BeforeMethod browse -->
  <testcase name="@AfterMethod close" time="0.0" classname="com.eit.stepdefinition.Grid_View_page_test_case">
    <skipped/>
  </testcase> <!-- @AfterMethod close -->
  <testcase name="@BeforeMethod browse" time="0.0" classname="com.eit.stepdefinition.Grid_View_page_test_case">
    <skipped/>
  </testcase> <!-- @BeforeMethod browse -->
  <testcase name="@AfterMethod close" time="0.0" classname="com.eit.stepdefinition.Grid_View_page_test_case">
    <skipped/>
  </testcase> <!-- @AfterMethod close -->
  <testcase name="@BeforeMethod browse" time="0.0" classname="com.eit.stepdefinition.Grid_View_page_test_case">
    <skipped/>
  </testcase> <!-- @BeforeMethod browse -->
  <testcase name="@AfterMethod close" time="0.0" classname="com.eit.stepdefinition.Grid_View_page_test_case">
    <skipped/>
  </testcase> <!-- @AfterMethod close -->
  <testcase name="@BeforeMethod browse" time="0.0" classname="com.eit.stepdefinition.Grid_View_page_test_case">
    <skipped/>
  </testcase> <!-- @BeforeMethod browse -->
  <testcase name="@AfterMethod close" time="0.0" classname="com.eit.stepdefinition.Grid_View_page_test_case">
    <skipped/>
  </testcase> <!-- @AfterMethod close -->
  <testcase name="@BeforeMethod browse" time="0.0" classname="com.eit.stepdefinition.Grid_View_page_test_case">
    <skipped/>
  </testcase> <!-- @BeforeMethod browse -->
  <testcase name="@AfterMethod close" time="0.0" classname="com.eit.stepdefinition.Grid_View_page_test_case">
    <skipped/>
  </testcase> <!-- @AfterMethod close -->
  <testcase name="@BeforeMethod browse" time="0.0" classname="com.eit.stepdefinition.Grid_View_page_test_case">
    <skipped/>
  </testcase> <!-- @BeforeMethod browse -->
  <testcase name="@AfterMethod close" time="0.0" classname="com.eit.stepdefinition.Grid_View_page_test_case">
    <skipped/>
  </testcase> <!-- @AfterMethod close -->
  <testcase name="@BeforeMethod browse" time="0.0" classname="com.eit.stepdefinition.Grid_View_page_test_case">
    <skipped/>
  </testcase> <!-- @BeforeMethod browse -->
  <testcase name="@AfterMethod close" time="0.0" classname="com.eit.stepdefinition.Grid_View_page_test_case">
    <skipped/>
  </testcase> <!-- @AfterMethod close -->
  <testcase name="@BeforeMethod browse" time="0.0" classname="com.eit.stepdefinition.Grid_View_page_test_case">
    <skipped/>
  </testcase> <!-- @BeforeMethod browse -->
  <testcase name="@AfterMethod close" time="0.0" classname="com.eit.stepdefinition.Grid_View_page_test_case">
    <skipped/>
  </testcase> <!-- @AfterMethod close -->
  <testcase name="@BeforeMethod browse" time="0.0" classname="com.eit.stepdefinition.Grid_View_page_test_case">
    <skipped/>
  </testcase> <!-- @BeforeMethod browse -->
  <testcase name="@AfterMethod close" time="0.0" classname="com.eit.stepdefinition.Grid_View_page_test_case">
    <skipped/>
  </testcase> <!-- @AfterMethod close -->
  <testcase name="@BeforeMethod browse" time="0.0" classname="com.eit.stepdefinition.Grid_View_page_test_case">
    <skipped/>
  </testcase> <!-- @BeforeMethod browse -->
  <testcase name="@AfterMethod close" time="0.0" classname="com.eit.stepdefinition.Grid_View_page_test_case">
    <skipped/>
  </testcase> <!-- @AfterMethod close -->
  <testcase name="@BeforeMethod browse" time="0.0" classname="com.eit.stepdefinition.Grid_View_page_test_case">
    <skipped/>
  </testcase> <!-- @BeforeMethod browse -->
  <testcase name="@AfterMethod close" time="0.0" classname="com.eit.stepdefinition.Grid_View_page_test_case">
    <skipped/>
  </testcase> <!-- @AfterMethod close -->
  <testcase name="@BeforeMethod browse" time="0.0" classname="com.eit.stepdefinition.Grid_View_page_test_case">
    <skipped/>
  </testcase> <!-- @BeforeMethod browse -->
  <testcase name="@AfterMethod close" time="0.0" classname="com.eit.stepdefinition.Grid_View_page_test_case">
    <skipped/>
  </testcase> <!-- @AfterMethod close -->
  <testcase name="@BeforeMethod browse" time="0.0" classname="com.eit.stepdefinition.Grid_View_page_test_case">
    <skipped/>
  </testcase> <!-- @BeforeMethod browse -->
  <testcase name="@AfterMethod close" time="0.0" classname="com.eit.stepdefinition.Grid_View_page_test_case">
    <skipped/>
  </testcase> <!-- @AfterMethod close -->
  <testcase name="@BeforeMethod browse" time="0.0" classname="com.eit.stepdefinition.Grid_View_page_test_case">
    <skipped/>
  </testcase> <!-- @BeforeMethod browse -->
  <testcase name="@AfterMethod close" time="0.0" classname="com.eit.stepdefinition.Grid_View_page_test_case">
    <skipped/>
  </testcase> <!-- @AfterMethod close -->
  <testcase name="@BeforeMethod browse" time="0.0" classname="com.eit.stepdefinition.Grid_View_page_test_case">
    <skipped/>
  </testcase> <!-- @BeforeMethod browse -->
  <testcase name="@AfterMethod close" time="0.0" classname="com.eit.stepdefinition.Grid_View_page_test_case">
    <skipped/>
  </testcase> <!-- @AfterMethod close -->
  <testcase name="@BeforeMethod browse" time="0.0" classname="com.eit.stepdefinition.Grid_View_page_test_case">
    <skipped/>
  </testcase> <!-- @BeforeMethod browse -->
  <testcase name="@AfterMethod close" time="0.0" classname="com.eit.stepdefinition.Grid_View_page_test_case">
    <skipped/>
  </testcase> <!-- @AfterMethod close -->
  <testcase name="@BeforeMethod browse" time="0.0" classname="com.eit.stepdefinition.Grid_View_page_test_case">
    <skipped/>
  </testcase> <!-- @BeforeMethod browse -->
  <testcase name="@AfterMethod close" time="0.0" classname="com.eit.stepdefinition.Grid_View_page_test_case">
    <skipped/>
  </testcase> <!-- @AfterMethod close -->
  <testcase name="@BeforeMethod browse" time="0.0" classname="com.eit.stepdefinition.Grid_View_page_test_case">
    <skipped/>
  </testcase> <!-- @BeforeMethod browse -->
  <testcase name="@AfterMethod close" time="0.0" classname="com.eit.stepdefinition.Grid_View_page_test_case">
    <skipped/>
  </testcase> <!-- @AfterMethod close -->
  <testcase name="@BeforeMethod browse" time="0.0" classname="com.eit.stepdefinition.Grid_View_page_test_case">
    <skipped/>
  </testcase> <!-- @BeforeMethod browse -->
  <testcase name="@AfterMethod close" time="0.0" classname="com.eit.stepdefinition.Grid_View_page_test_case">
    <skipped/>
  </testcase> <!-- @AfterMethod close -->
  <testcase name="@BeforeMethod browse" time="0.0" classname="com.eit.stepdefinition.Grid_View_page_test_case">
    <skipped/>
  </testcase> <!-- @BeforeMethod browse -->
  <testcase name="@AfterMethod close" time="0.0" classname="com.eit.stepdefinition.Grid_View_page_test_case">
    <skipped/>
  </testcase> <!-- @AfterMethod close -->
  <testcase name="@BeforeMethod browse" time="0.0" classname="com.eit.stepdefinition.Grid_View_page_test_case">
    <skipped/>
  </testcase> <!-- @BeforeMethod browse -->
  <testcase name="@AfterMethod close" time="0.0" classname="com.eit.stepdefinition.Grid_View_page_test_case">
    <skipped/>
  </testcase> <!-- @AfterMethod close -->
  <testcase name="@BeforeMethod browse" time="0.0" classname="com.eit.stepdefinition.Grid_View_page_test_case">
    <skipped/>
  </testcase> <!-- @BeforeMethod browse -->
  <testcase name="@AfterMethod close" time="0.0" classname="com.eit.stepdefinition.Grid_View_page_test_case">
    <skipped/>
  </testcase> <!-- @AfterMethod close -->
  <testcase name="@BeforeMethod browse" time="0.0" classname="com.eit.stepdefinition.Grid_View_page_test_case">
    <skipped/>
  </testcase> <!-- @BeforeMethod browse -->
  <testcase name="@AfterMethod close" time="0.001" classname="com.eit.stepdefinition.Grid_View_page_test_case">
    <skipped/>
  </testcase> <!-- @AfterMethod close -->
  <testcase name="@BeforeMethod browse" time="0.0" classname="com.eit.stepdefinition.Grid_View_page_test_case">
    <skipped/>
  </testcase> <!-- @BeforeMethod browse -->
  <testcase name="@AfterMethod close" time="0.0" classname="com.eit.stepdefinition.Grid_View_page_test_case">
    <skipped/>
  </testcase> <!-- @AfterMethod close -->
  <testcase name="English_Login_and_Gridview_checking_AllSelect_option" time="6.184" classname="com.eit.stepdefinition.Grid_View_page_test_case"/>
  <testcase name="English_Login_and_Gridview_checking_Running_option" time="5.981" classname="com.eit.stepdefinition.Grid_View_page_test_case"/>
  <testcase name="English_Login_and_Gridview_checking_Stop_option" time="5.938" classname="com.eit.stepdefinition.Grid_View_page_test_case"/>
  <testcase name="English_Login_and_Gridview_checking_idel_option" time="0.007" classname="com.eit.stepdefinition.Grid_View_page_test_case">
    <skipped/>
  </testcase> <!-- English_Login_and_Gridview_checking_idel_option -->
  <testcase name="English_Login_and_Gridview_checking_Overspeed_option" time="0.009" classname="com.eit.stepdefinition.Grid_View_page_test_case">
    <skipped/>
  </testcase> <!-- English_Login_and_Gridview_checking_Overspeed_option -->
  <testcase name="English_Login_and_Gridview_checking_Offline_option" time="0.008" classname="com.eit.stepdefinition.Grid_View_page_test_case">
    <skipped/>
  </testcase> <!-- English_Login_and_Gridview_checking_Offline_option -->
  <testcase name="English_Login_and_Gridview_checking_Yet_To_Transmit_option" time="0.001" classname="com.eit.stepdefinition.Grid_View_page_test_case">
    <skipped/>
  </testcase> <!-- English_Login_and_Gridview_checking_Yet_To_Transmit_option -->
  <testcase name="English_Login_and_Gridview_checking_Online_option" time="0.002" classname="com.eit.stepdefinition.Grid_View_page_test_case">
    <skipped/>
  </testcase> <!-- English_Login_and_Gridview_checking_Online_option -->
  <testcase name="English_Login_and_Gridview_checking_Towed_option" time="0.001" classname="com.eit.stepdefinition.Grid_View_page_test_case">
    <skipped/>
  </testcase> <!-- English_Login_and_Gridview_checking_Towed_option -->
  <testcase name="English_Login_and_Gridview_checking_Filter_option_plateno" time="0.006" classname="com.eit.stepdefinition.Grid_View_page_test_case">
    <skipped/>
  </testcase> <!-- English_Login_and_Gridview_checking_Filter_option_plateno -->
  <testcase name="English_Login_and_Gridview_checking_Filter_option_Operator_textbox" time="0.004" classname="com.eit.stepdefinition.Grid_View_page_test_case">
    <skipped/>
  </testcase> <!-- English_Login_and_Gridview_checking_Filter_option_Operator_textbox -->
  <testcase name="English_Login_and_Gridview_checking_Filter_option_Status_textbox" time="0.001" classname="com.eit.stepdefinition.Grid_View_page_test_case">
    <skipped/>
  </testcase> <!-- English_Login_and_Gridview_checking_Filter_option_Status_textbox -->
  <testcase name="English_Login_and_Gridview_checking_Filter_option_Fleet_Manager_textbox" time="0.001" classname="com.eit.stepdefinition.Grid_View_page_test_case">
    <skipped/>
  </testcase> <!-- English_Login_and_Gridview_checking_Filter_option_Fleet_Manager_textbox -->
  <testcase name="English_Login_and_Gridview_checking_Alert_option" time="0.0" classname="com.eit.stepdefinition.Grid_View_page_test_case">
    <skipped/>
  </testcase> <!-- English_Login_and_Gridview_checking_Alert_option -->
  <testcase name="English_Login_and_Gridview_checking_LIVE_option" time="0.001" classname="com.eit.stepdefinition.Grid_View_page_test_case">
    <skipped/>
  </testcase> <!-- English_Login_and_Gridview_checking_LIVE_option -->
  <testcase name="English_Login_and_Gridview_checking_Maintain_option" time="0.0" classname="com.eit.stepdefinition.Grid_View_page_test_case">
    <skipped/>
  </testcase> <!-- English_Login_and_Gridview_checking_Maintain_option -->
  <testcase name="English_Login_and_Gridview_Verifying_Lat_Lang_LIVE_module" time="0.001" classname="com.eit.stepdefinition.Grid_View_page_test_case">
    <skipped/>
  </testcase> <!-- English_Login_and_Gridview_Verifying_Lat_Lang_LIVE_module -->
  <testcase name="English_Login_and_Gridview_Verifying_Live_Data_module" time="0.002" classname="com.eit.stepdefinition.Grid_View_page_test_case">
    <skipped/>
  </testcase> <!-- English_Login_and_Gridview_Verifying_Live_Data_module -->
  <testcase name="English_Login_and_Gridview_Verifying_Vehicle_detail_module" time="0.001" classname="com.eit.stepdefinition.Grid_View_page_test_case">
    <skipped/>
  </testcase> <!-- English_Login_and_Gridview_Verifying_Vehicle_detail_module -->
  <testcase name="English_Login_and_Gridview_Verifying_maximize_and_Minimize_button" time="0.006" classname="com.eit.stepdefinition.Grid_View_page_test_case">
    <skipped/>
  </testcase> <!-- English_Login_and_Gridview_Verifying_maximize_and_Minimize_button -->
  <testcase name="English_Login_and_Gridview_Verifying_Today_Status_chart_ContextMenu_Download_png_option" time="0.001" classname="com.eit.stepdefinition.Grid_View_page_test_case">
    <skipped/>
  </testcase> <!-- English_Login_and_Gridview_Verifying_Today_Status_chart_ContextMenu_Download_png_option -->
  <testcase name="English_Login_and_Gridview_Verifying_Today_Status_chart_ContextMenu_Download_jpeg_option" time="0.001" classname="com.eit.stepdefinition.Grid_View_page_test_case">
    <skipped/>
  </testcase> <!-- English_Login_and_Gridview_Verifying_Today_Status_chart_ContextMenu_Download_jpeg_option -->
  <testcase name="English_Login_and_Gridview_Verifying_Today_Status_chart_ContextMenu_Download_pdf_option" time="0.003" classname="com.eit.stepdefinition.Grid_View_page_test_case">
    <skipped/>
  </testcase> <!-- English_Login_and_Gridview_Verifying_Today_Status_chart_ContextMenu_Download_pdf_option -->
  <testcase name="English_Login_and_Gridview_Verifying_Speed_trend_chart_ContextMenu_Download_png_option" time="0.002" classname="com.eit.stepdefinition.Grid_View_page_test_case">
    <skipped/>
  </testcase> <!-- English_Login_and_Gridview_Verifying_Speed_trend_chart_ContextMenu_Download_png_option -->
  <testcase name="English_Login_and_Gridview_Verifying_Speed_trend_chart_ContextMenu_Download_jpeg_option" time="0.001" classname="com.eit.stepdefinition.Grid_View_page_test_case">
    <skipped/>
  </testcase> <!-- English_Login_and_Gridview_Verifying_Speed_trend_chart_ContextMenu_Download_jpeg_option -->
  <testcase name="English_Login_and_Gridview_Verifying_Speed_trend_chart_ContextMenu_Download_pdf_option" time="0.0" classname="com.eit.stepdefinition.Grid_View_page_test_case">
    <skipped/>
  </testcase> <!-- English_Login_and_Gridview_Verifying_Speed_trend_chart_ContextMenu_Download_pdf_option -->
  <testcase name="English_Login_and_Gridview_Verifying_Lat_Lang_Live_Data_module" time="0.001" classname="com.eit.stepdefinition.Grid_View_page_test_case">
    <skipped/>
  </testcase> <!-- English_Login_and_Gridview_Verifying_Lat_Lang_Live_Data_module -->
  <testcase name="English_Login_and_Gridview_Verifying_History_module_playbutton" time="0.003" classname="com.eit.stepdefinition.Grid_View_page_test_case">
    <skipped/>
  </testcase> <!-- English_Login_and_Gridview_Verifying_History_module_playbutton -->
  <testcase name="English_Login_and_Gridview_Verifying_History_module_stop_button" time="0.002" classname="com.eit.stepdefinition.Grid_View_page_test_case">
    <skipped/>
  </testcase> <!-- English_Login_and_Gridview_Verifying_History_module_stop_button -->
  <testcase name="English_Login_and_Gridview_Verifying_History_module_pause_button" time="0.001" classname="com.eit.stepdefinition.Grid_View_page_test_case">
    <skipped/>
  </testcase> <!-- English_Login_and_Gridview_Verifying_History_module_pause_button -->
  <testcase name="English_Login_and_Gridview_Verifying_History_module_Disable_Running_checkbox" time="0.001" classname="com.eit.stepdefinition.Grid_View_page_test_case">
    <skipped/>
  </testcase> <!-- English_Login_and_Gridview_Verifying_History_module_Disable_Running_checkbox -->
  <testcase name="English_Login_and_Gridview_Verifying_History_module_Enable_Running_checkbox" time="0.001" classname="com.eit.stepdefinition.Grid_View_page_test_case">
    <skipped/>
  </testcase> <!-- English_Login_and_Gridview_Verifying_History_module_Enable_Running_checkbox -->
  <testcase name="English_Login_and_Gridview_Vehicle_search_valid_name" time="0.002" classname="com.eit.stepdefinition.Grid_View_page_test_case">
    <skipped/>
  </testcase> <!-- English_Login_and_Gridview_Vehicle_search_valid_name -->
  <testcase name="English_Login_and_Gridview_Vehicle_search_invalid_name" time="0.001" classname="com.eit.stepdefinition.Grid_View_page_test_case">
    <skipped/>
  </testcase> <!-- English_Login_and_Gridview_Vehicle_search_invalid_name -->
  <testcase name="English_Login_and_Gridview_Refresh" time="0.001" classname="com.eit.stepdefinition.Grid_View_page_test_case">
    <skipped/>
  </testcase> <!-- English_Login_and_Gridview_Refresh -->
  <testcase name="English_Login_and_Gridview_Operator_tab_AllOption" time="0.001" classname="com.eit.stepdefinition.Grid_View_page_test_case">
    <skipped/>
  </testcase> <!-- English_Login_and_Gridview_Operator_tab_AllOption -->
  <testcase name="English_Login_and_Gridview_Operator_tab_RunningOption" time="0.0" classname="com.eit.stepdefinition.Grid_View_page_test_case">
    <skipped/>
  </testcase> <!-- English_Login_and_Gridview_Operator_tab_RunningOption -->
  <testcase name="English_Login_and_Gridview_Operator_tab_StopOption" time="0.001" classname="com.eit.stepdefinition.Grid_View_page_test_case">
    <skipped/>
  </testcase> <!-- English_Login_and_Gridview_Operator_tab_StopOption -->
  <testcase name="English_Login_and_Gridview_Operator_tab_IdelOption" time="0.001" classname="com.eit.stepdefinition.Grid_View_page_test_case">
    <skipped/>
  </testcase> <!-- English_Login_and_Gridview_Operator_tab_IdelOption -->
  <testcase name="English_Login_and_Gridview_Operator_tab_OverSpeedOption" time="0.001" classname="com.eit.stepdefinition.Grid_View_page_test_case">
    <skipped/>
  </testcase> <!-- English_Login_and_Gridview_Operator_tab_OverSpeedOption -->
  <testcase name="English_Login_and_Gridview_Operator_tab_OFFlineOption" time="0.0" classname="com.eit.stepdefinition.Grid_View_page_test_case">
    <skipped/>
  </testcase> <!-- English_Login_and_Gridview_Operator_tab_OFFlineOption -->
  <testcase name="English_Login_and_Gridview_Operator_tab_YetToTramsmitOption" time="0.001" classname="com.eit.stepdefinition.Grid_View_page_test_case">
    <skipped/>
  </testcase> <!-- English_Login_and_Gridview_Operator_tab_YetToTramsmitOption -->
  <testcase name="English_Login_and_Gridview_Operator_tab_ONlineOption" time="0.001" classname="com.eit.stepdefinition.Grid_View_page_test_case">
    <skipped/>
  </testcase> <!-- English_Login_and_Gridview_Operator_tab_ONlineOption -->
  <testcase name="English_Login_and_Gridview_Operator_tab_TowedOption" time="0.001" classname="com.eit.stepdefinition.Grid_View_page_test_case">
    <skipped/>
  </testcase> <!-- English_Login_and_Gridview_Operator_tab_TowedOption -->
  <testcase name="English_Login_and_Gridview_OperatorModule_Search_valid_operator" time="0.002" classname="com.eit.stepdefinition.Grid_View_page_test_case">
    <skipped/>
  </testcase> <!-- English_Login_and_Gridview_OperatorModule_Search_valid_operator -->
  <testcase name="English_Login_and_Gridview_NearBy_Module" time="0.002" classname="com.eit.stepdefinition.Grid_View_page_test_case">
    <skipped/>
  </testcase> <!-- English_Login_and_Gridview_NearBy_Module -->
  <testcase name="English_Login_and_Gridview_OperatorModule_Search_invalid_operator" time="0.0" classname="com.eit.stepdefinition.Grid_View_page_test_case">
    <skipped/>
  </testcase> <!-- English_Login_and_Gridview_OperatorModule_Search_invalid_operator -->
</testsuite> <!-- Default test -->
