<?xml version="1.0" encoding="UTF-8"?>
<!-- Generated by org.testng.reporters.JUnitXMLReporter -->
<testsuite hostname="DESKTOP-D4SHPE1" ignored="0" name="Login_TestCase" tests="28" failures="0" timestamp="24 Nov 2019 11:34:47 GMT" time="28.44" errors="0">
  <testcase name="@BeforeMethod browse" time="0.065" classname="com.eit.stepdefinition.Login_page_test_case">
    <failure type="java.lang.IllegalStateException" message="The driver executable does not exist: C:\Users\JAGADESHAN R\eclipse\jaga01\GPS\driver\chromedriver.exe">
      <![CDATA[java.lang.IllegalStateException: The driver executable does not exist: C:\Users\JAGADESHAN R\eclipse\jaga01\GPS\driver\chromedriver.exe
at com.google.common.base.Preconditions.checkState(Preconditions.java:589)
at org.openqa.selenium.remote.service.DriverService.checkExecutable(DriverService.java:147)
at org.openqa.selenium.remote.service.DriverService.findExecutable(DriverService.java:142)
at org.openqa.selenium.chrome.ChromeDriverService.access$000(ChromeDriverService.java:35)
at org.openqa.selenium.chrome.ChromeDriverService$Builder.findDefaultExecutable(ChromeDriverService.java:177)
at org.openqa.selenium.remote.service.DriverService$Builder.build(DriverService.java:363)
at org.openqa.selenium.chrome.ChromeDriverService.createDefaultService(ChromeDriverService.java:100)
at org.openqa.selenium.chrome.ChromeDriver.<init>(ChromeDriver.java:139)
at com.eit.resource.base.openbrowser(base.java:48)
at com.eit.stepdefinition.Login_page_test_case.browse(Login_page_test_case.java:37)
... Removed 28 stack frames]]>
    </failure>
  </testcase> <!-- @BeforeMethod browse -->
  <testcase name="@AfterMethod takeScreenShotOnFailure" time="1.004" classname="com.eit.stepdefinition.Login_page_test_case">
    <failure type="java.lang.NullPointerException">
      <![CDATA[java.lang.NullPointerException
at com.eit.stepdefinition.Login_page_test_case.takeScreenShotOnFailure(Login_page_test_case.java:518)
... Removed 28 stack frames]]>
    </failure>
  </testcase> <!-- @AfterMethod takeScreenShotOnFailure -->
  <testcase name="@BeforeMethod browse" time="0.0" classname="com.eit.stepdefinition.Login_page_test_case">
    <skipped/>
  </testcase> <!-- @BeforeMethod browse -->
  <testcase name="@AfterMethod takeScreenShotOnFailure" time="1.001" classname="com.eit.stepdefinition.Login_page_test_case">
    <failure type="java.lang.NullPointerException">
      <![CDATA[java.lang.NullPointerException
at com.eit.stepdefinition.Login_page_test_case.takeScreenShotOnFailure(Login_page_test_case.java:518)
... Removed 28 stack frames]]>
    </failure>
  </testcase> <!-- @AfterMethod takeScreenShotOnFailure -->
  <testcase name="@BeforeMethod browse" time="0.0" classname="com.eit.stepdefinition.Login_page_test_case">
    <skipped/>
  </testcase> <!-- @BeforeMethod browse -->
  <testcase name="@AfterMethod takeScreenShotOnFailure" time="1.001" classname="com.eit.stepdefinition.Login_page_test_case">
    <failure type="java.lang.NullPointerException">
      <![CDATA[java.lang.NullPointerException
at com.eit.stepdefinition.Login_page_test_case.takeScreenShotOnFailure(Login_page_test_case.java:518)
... Removed 28 stack frames]]>
    </failure>
  </testcase> <!-- @AfterMethod takeScreenShotOnFailure -->
  <testcase name="@BeforeMethod browse" time="0.0" classname="com.eit.stepdefinition.Login_page_test_case">
    <skipped/>
  </testcase> <!-- @BeforeMethod browse -->
  <testcase name="@AfterMethod takeScreenShotOnFailure" time="1.001" classname="com.eit.stepdefinition.Login_page_test_case">
    <failure type="java.lang.NullPointerException">
      <![CDATA[java.lang.NullPointerException
at com.eit.stepdefinition.Login_page_test_case.takeScreenShotOnFailure(Login_page_test_case.java:518)
... Removed 28 stack frames]]>
    </failure>
  </testcase> <!-- @AfterMethod takeScreenShotOnFailure -->
  <testcase name="@BeforeMethod browse" time="0.0" classname="com.eit.stepdefinition.Login_page_test_case">
    <skipped/>
  </testcase> <!-- @BeforeMethod browse -->
  <testcase name="@AfterMethod takeScreenShotOnFailure" time="1.001" classname="com.eit.stepdefinition.Login_page_test_case">
    <failure type="java.lang.NullPointerException">
      <![CDATA[java.lang.NullPointerException
at com.eit.stepdefinition.Login_page_test_case.takeScreenShotOnFailure(Login_page_test_case.java:518)
... Removed 28 stack frames]]>
    </failure>
  </testcase> <!-- @AfterMethod takeScreenShotOnFailure -->
  <testcase name="@BeforeMethod browse" time="0.0" classname="com.eit.stepdefinition.Login_page_test_case">
    <skipped/>
  </testcase> <!-- @BeforeMethod browse -->
  <testcase name="@AfterMethod takeScreenShotOnFailure" time="1.001" classname="com.eit.stepdefinition.Login_page_test_case">
    <failure type="java.lang.NullPointerException">
      <![CDATA[java.lang.NullPointerException
at com.eit.stepdefinition.Login_page_test_case.takeScreenShotOnFailure(Login_page_test_case.java:518)
... Removed 28 stack frames]]>
    </failure>
  </testcase> <!-- @AfterMethod takeScreenShotOnFailure -->
  <testcase name="@BeforeMethod browse" time="0.0" classname="com.eit.stepdefinition.Login_page_test_case">
    <skipped/>
  </testcase> <!-- @BeforeMethod browse -->
  <testcase name="@AfterMethod takeScreenShotOnFailure" time="1.001" classname="com.eit.stepdefinition.Login_page_test_case">
    <failure type="java.lang.NullPointerException">
      <![CDATA[java.lang.NullPointerException
at com.eit.stepdefinition.Login_page_test_case.takeScreenShotOnFailure(Login_page_test_case.java:518)
... Removed 28 stack frames]]>
    </failure>
  </testcase> <!-- @AfterMethod takeScreenShotOnFailure -->
  <testcase name="@BeforeMethod browse" time="0.0" classname="com.eit.stepdefinition.Login_page_test_case">
    <skipped/>
  </testcase> <!-- @BeforeMethod browse -->
  <testcase name="@AfterMethod takeScreenShotOnFailure" time="1.001" classname="com.eit.stepdefinition.Login_page_test_case">
    <failure type="java.lang.NullPointerException">
      <![CDATA[java.lang.NullPointerException
at com.eit.stepdefinition.Login_page_test_case.takeScreenShotOnFailure(Login_page_test_case.java:518)
... Removed 28 stack frames]]>
    </failure>
  </testcase> <!-- @AfterMethod takeScreenShotOnFailure -->
  <testcase name="@BeforeMethod browse" time="0.0" classname="com.eit.stepdefinition.Login_page_test_case">
    <skipped/>
  </testcase> <!-- @BeforeMethod browse -->
  <testcase name="@AfterMethod takeScreenShotOnFailure" time="1.001" classname="com.eit.stepdefinition.Login_page_test_case">
    <failure type="java.lang.NullPointerException">
      <![CDATA[java.lang.NullPointerException
at com.eit.stepdefinition.Login_page_test_case.takeScreenShotOnFailure(Login_page_test_case.java:518)
... Removed 28 stack frames]]>
    </failure>
  </testcase> <!-- @AfterMethod takeScreenShotOnFailure -->
  <testcase name="@BeforeMethod browse" time="0.0" classname="com.eit.stepdefinition.Login_page_test_case">
    <skipped/>
  </testcase> <!-- @BeforeMethod browse -->
  <testcase name="@AfterMethod takeScreenShotOnFailure" time="1.001" classname="com.eit.stepdefinition.Login_page_test_case">
    <failure type="java.lang.NullPointerException">
      <![CDATA[java.lang.NullPointerException
at com.eit.stepdefinition.Login_page_test_case.takeScreenShotOnFailure(Login_page_test_case.java:518)
... Removed 28 stack frames]]>
    </failure>
  </testcase> <!-- @AfterMethod takeScreenShotOnFailure -->
  <testcase name="@BeforeMethod browse" time="0.0" classname="com.eit.stepdefinition.Login_page_test_case">
    <skipped/>
  </testcase> <!-- @BeforeMethod browse -->
  <testcase name="@AfterMethod takeScreenShotOnFailure" time="1.001" classname="com.eit.stepdefinition.Login_page_test_case">
    <failure type="java.lang.NullPointerException">
      <![CDATA[java.lang.NullPointerException
at com.eit.stepdefinition.Login_page_test_case.takeScreenShotOnFailure(Login_page_test_case.java:518)
... Removed 28 stack frames]]>
    </failure>
  </testcase> <!-- @AfterMethod takeScreenShotOnFailure -->
  <testcase name="@BeforeMethod browse" time="0.0" classname="com.eit.stepdefinition.Login_page_test_case">
    <skipped/>
  </testcase> <!-- @BeforeMethod browse -->
  <testcase name="@AfterMethod takeScreenShotOnFailure" time="1.001" classname="com.eit.stepdefinition.Login_page_test_case">
    <failure type="java.lang.NullPointerException">
      <![CDATA[java.lang.NullPointerException
at com.eit.stepdefinition.Login_page_test_case.takeScreenShotOnFailure(Login_page_test_case.java:518)
... Removed 28 stack frames]]>
    </failure>
  </testcase> <!-- @AfterMethod takeScreenShotOnFailure -->
  <testcase name="@BeforeMethod browse" time="0.0" classname="com.eit.stepdefinition.Login_page_test_case">
    <skipped/>
  </testcase> <!-- @BeforeMethod browse -->
  <testcase name="@AfterMethod takeScreenShotOnFailure" time="1.001" classname="com.eit.stepdefinition.Login_page_test_case">
    <failure type="java.lang.NullPointerException">
      <![CDATA[java.lang.NullPointerException
at com.eit.stepdefinition.Login_page_test_case.takeScreenShotOnFailure(Login_page_test_case.java:518)
... Removed 28 stack frames]]>
    </failure>
  </testcase> <!-- @AfterMethod takeScreenShotOnFailure -->
  <testcase name="@BeforeMethod browse" time="0.0" classname="com.eit.stepdefinition.Login_page_test_case">
    <skipped/>
  </testcase> <!-- @BeforeMethod browse -->
  <testcase name="@AfterMethod takeScreenShotOnFailure" time="1.001" classname="com.eit.stepdefinition.Login_page_test_case">
    <failure type="java.lang.NullPointerException">
      <![CDATA[java.lang.NullPointerException
at com.eit.stepdefinition.Login_page_test_case.takeScreenShotOnFailure(Login_page_test_case.java:518)
... Removed 28 stack frames]]>
    </failure>
  </testcase> <!-- @AfterMethod takeScreenShotOnFailure -->
  <testcase name="@BeforeMethod browse" time="0.0" classname="com.eit.stepdefinition.Login_page_test_case">
    <skipped/>
  </testcase> <!-- @BeforeMethod browse -->
  <testcase name="@AfterMethod takeScreenShotOnFailure" time="1.001" classname="com.eit.stepdefinition.Login_page_test_case">
    <failure type="java.lang.NullPointerException">
      <![CDATA[java.lang.NullPointerException
at com.eit.stepdefinition.Login_page_test_case.takeScreenShotOnFailure(Login_page_test_case.java:518)
... Removed 28 stack frames]]>
    </failure>
  </testcase> <!-- @AfterMethod takeScreenShotOnFailure -->
  <testcase name="@BeforeMethod browse" time="0.0" classname="com.eit.stepdefinition.Login_page_test_case">
    <skipped/>
  </testcase> <!-- @BeforeMethod browse -->
  <testcase name="@AfterMethod takeScreenShotOnFailure" time="1.009" classname="com.eit.stepdefinition.Login_page_test_case">
    <failure type="java.lang.NullPointerException">
      <![CDATA[java.lang.NullPointerException
at com.eit.stepdefinition.Login_page_test_case.takeScreenShotOnFailure(Login_page_test_case.java:518)
... Removed 28 stack frames]]>
    </failure>
  </testcase> <!-- @AfterMethod takeScreenShotOnFailure -->
  <testcase name="@BeforeMethod browse" time="0.0" classname="com.eit.stepdefinition.Login_page_test_case">
    <skipped/>
  </testcase> <!-- @BeforeMethod browse -->
  <testcase name="@AfterMethod takeScreenShotOnFailure" time="1.002" classname="com.eit.stepdefinition.Login_page_test_case">
    <failure type="java.lang.NullPointerException">
      <![CDATA[java.lang.NullPointerException
at com.eit.stepdefinition.Login_page_test_case.takeScreenShotOnFailure(Login_page_test_case.java:518)
... Removed 27 stack frames]]>
    </failure>
  </testcase> <!-- @AfterMethod takeScreenShotOnFailure -->
  <testcase name="@BeforeMethod browse" time="0.0" classname="com.eit.stepdefinition.Login_page_test_case">
    <skipped/>
  </testcase> <!-- @BeforeMethod browse -->
  <testcase name="@AfterMethod takeScreenShotOnFailure" time="1.001" classname="com.eit.stepdefinition.Login_page_test_case">
    <failure type="java.lang.NullPointerException">
      <![CDATA[java.lang.NullPointerException
at com.eit.stepdefinition.Login_page_test_case.takeScreenShotOnFailure(Login_page_test_case.java:518)
... Removed 27 stack frames]]>
    </failure>
  </testcase> <!-- @AfterMethod takeScreenShotOnFailure -->
  <testcase name="@BeforeMethod browse" time="0.0" classname="com.eit.stepdefinition.Login_page_test_case">
    <skipped/>
  </testcase> <!-- @BeforeMethod browse -->
  <testcase name="@AfterMethod takeScreenShotOnFailure" time="1.003" classname="com.eit.stepdefinition.Login_page_test_case">
    <failure type="java.lang.NullPointerException">
      <![CDATA[java.lang.NullPointerException
at com.eit.stepdefinition.Login_page_test_case.takeScreenShotOnFailure(Login_page_test_case.java:518)
... Removed 27 stack frames]]>
    </failure>
  </testcase> <!-- @AfterMethod takeScreenShotOnFailure -->
  <testcase name="@BeforeMethod browse" time="0.0" classname="com.eit.stepdefinition.Login_page_test_case">
    <skipped/>
  </testcase> <!-- @BeforeMethod browse -->
  <testcase name="@AfterMethod takeScreenShotOnFailure" time="1.002" classname="com.eit.stepdefinition.Login_page_test_case">
    <failure type="java.lang.NullPointerException">
      <![CDATA[java.lang.NullPointerException
at com.eit.stepdefinition.Login_page_test_case.takeScreenShotOnFailure(Login_page_test_case.java:518)
... Removed 27 stack frames]]>
    </failure>
  </testcase> <!-- @AfterMethod takeScreenShotOnFailure -->
  <testcase name="@BeforeMethod browse" time="0.0" classname="com.eit.stepdefinition.Login_page_test_case">
    <skipped/>
  </testcase> <!-- @BeforeMethod browse -->
  <testcase name="@AfterMethod takeScreenShotOnFailure" time="1.001" classname="com.eit.stepdefinition.Login_page_test_case">
    <failure type="java.lang.NullPointerException">
      <![CDATA[java.lang.NullPointerException
at com.eit.stepdefinition.Login_page_test_case.takeScreenShotOnFailure(Login_page_test_case.java:518)
... Removed 27 stack frames]]>
    </failure>
  </testcase> <!-- @AfterMethod takeScreenShotOnFailure -->
  <testcase name="@BeforeMethod browse" time="0.0" classname="com.eit.stepdefinition.Login_page_test_case">
    <skipped/>
  </testcase> <!-- @BeforeMethod browse -->
  <testcase name="@AfterMethod takeScreenShotOnFailure" time="1.001" classname="com.eit.stepdefinition.Login_page_test_case">
    <failure type="java.lang.NullPointerException">
      <![CDATA[java.lang.NullPointerException
at com.eit.stepdefinition.Login_page_test_case.takeScreenShotOnFailure(Login_page_test_case.java:518)
... Removed 27 stack frames]]>
    </failure>
  </testcase> <!-- @AfterMethod takeScreenShotOnFailure -->
  <testcase name="@BeforeMethod browse" time="0.0" classname="com.eit.stepdefinition.Login_page_test_case">
    <skipped/>
  </testcase> <!-- @BeforeMethod browse -->
  <testcase name="@AfterMethod takeScreenShotOnFailure" time="1.0" classname="com.eit.stepdefinition.Login_page_test_case">
    <failure type="java.lang.NullPointerException">
      <![CDATA[java.lang.NullPointerException
at com.eit.stepdefinition.Login_page_test_case.takeScreenShotOnFailure(Login_page_test_case.java:518)
... Removed 27 stack frames]]>
    </failure>
  </testcase> <!-- @AfterMethod takeScreenShotOnFailure -->
  <testcase name="@BeforeMethod browse" time="0.0" classname="com.eit.stepdefinition.Login_page_test_case">
    <skipped/>
  </testcase> <!-- @BeforeMethod browse -->
  <testcase name="@AfterMethod takeScreenShotOnFailure" time="1.001" classname="com.eit.stepdefinition.Login_page_test_case">
    <failure type="java.lang.NullPointerException">
      <![CDATA[java.lang.NullPointerException
at com.eit.stepdefinition.Login_page_test_case.takeScreenShotOnFailure(Login_page_test_case.java:518)
... Removed 27 stack frames]]>
    </failure>
  </testcase> <!-- @AfterMethod takeScreenShotOnFailure -->
  <testcase name="@BeforeMethod browse" time="0.0" classname="com.eit.stepdefinition.Login_page_test_case">
    <skipped/>
  </testcase> <!-- @BeforeMethod browse -->
  <testcase name="@AfterMethod takeScreenShotOnFailure" time="1.0" classname="com.eit.stepdefinition.Login_page_test_case">
    <failure type="java.lang.NullPointerException">
      <![CDATA[java.lang.NullPointerException
at com.eit.stepdefinition.Login_page_test_case.takeScreenShotOnFailure(Login_page_test_case.java:518)
... Removed 27 stack frames]]>
    </failure>
  </testcase> <!-- @AfterMethod takeScreenShotOnFailure -->
  <testcase name="@BeforeMethod browse" time="0.0" classname="com.eit.stepdefinition.Login_page_test_case">
    <skipped/>
  </testcase> <!-- @BeforeMethod browse -->
  <testcase name="@AfterMethod takeScreenShotOnFailure" time="1.0" classname="com.eit.stepdefinition.Login_page_test_case">
    <failure type="java.lang.NullPointerException">
      <![CDATA[java.lang.NullPointerException
at com.eit.stepdefinition.Login_page_test_case.takeScreenShotOnFailure(Login_page_test_case.java:518)
... Removed 27 stack frames]]>
    </failure>
  </testcase> <!-- @AfterMethod takeScreenShotOnFailure -->
  <testcase name="@BeforeMethod browse" time="0.0" classname="com.eit.stepdefinition.Login_page_test_case">
    <skipped/>
  </testcase> <!-- @BeforeMethod browse -->
  <testcase name="@AfterMethod takeScreenShotOnFailure" time="1.001" classname="com.eit.stepdefinition.Login_page_test_case">
    <failure type="java.lang.NullPointerException">
      <![CDATA[java.lang.NullPointerException
at com.eit.stepdefinition.Login_page_test_case.takeScreenShotOnFailure(Login_page_test_case.java:518)
... Removed 27 stack frames]]>
    </failure>
  </testcase> <!-- @AfterMethod takeScreenShotOnFailure -->
  <testcase name="@BeforeMethod browse" time="0.0" classname="com.eit.stepdefinition.Login_page_test_case">
    <skipped/>
  </testcase> <!-- @BeforeMethod browse -->
  <testcase name="@AfterMethod takeScreenShotOnFailure" time="1.001" classname="com.eit.stepdefinition.Login_page_test_case">
    <failure type="java.lang.NullPointerException">
      <![CDATA[java.lang.NullPointerException
at com.eit.stepdefinition.Login_page_test_case.takeScreenShotOnFailure(Login_page_test_case.java:518)
... Removed 27 stack frames]]>
    </failure>
  </testcase> <!-- @AfterMethod takeScreenShotOnFailure -->
  <testcase name="English_Login_without_Corporate_ID" time="0.0" classname="com.eit.stepdefinition.Login_page_test_case">
    <skipped/>
  </testcase> <!-- English_Login_without_Corporate_ID -->
  <testcase name="Arabic_Login_without_Corporate_ID" time="0.0" classname="com.eit.stepdefinition.Login_page_test_case">
    <skipped/>
  </testcase> <!-- Arabic_Login_without_Corporate_ID -->
  <testcase name="English_Login_without_Username" time="0.0" classname="com.eit.stepdefinition.Login_page_test_case">
    <skipped/>
  </testcase> <!-- English_Login_without_Username -->
  <testcase name="Arabic_Login_without_Username" time="0.0" classname="com.eit.stepdefinition.Login_page_test_case">
    <skipped/>
  </testcase> <!-- Arabic_Login_without_Username -->
  <testcase name="English_Login_without_password" time="0.0" classname="com.eit.stepdefinition.Login_page_test_case">
    <skipped/>
  </testcase> <!-- English_Login_without_password -->
  <testcase name="Arabic_Login_without_password" time="0.0" classname="com.eit.stepdefinition.Login_page_test_case">
    <skipped/>
  </testcase> <!-- Arabic_Login_without_password -->
  <testcase name="English_Login_with_incorrect_Corporate_ID" time="0.0" classname="com.eit.stepdefinition.Login_page_test_case">
    <skipped/>
  </testcase> <!-- English_Login_with_incorrect_Corporate_ID -->
  <testcase name="Arabic_Login_with_incorrect_Corporate_ID" time="0.0" classname="com.eit.stepdefinition.Login_page_test_case">
    <skipped/>
  </testcase> <!-- Arabic_Login_with_incorrect_Corporate_ID -->
  <testcase name="English_Login_with_incorrect_User_name" time="0.0" classname="com.eit.stepdefinition.Login_page_test_case">
    <skipped/>
  </testcase> <!-- English_Login_with_incorrect_User_name -->
  <testcase name="Arabic_Login_with_incorrect_User_name" time="0.0" classname="com.eit.stepdefinition.Login_page_test_case">
    <skipped/>
  </testcase> <!-- Arabic_Login_with_incorrect_User_name -->
  <testcase name="English_Login_with_incorrect_Password" time="0.0" classname="com.eit.stepdefinition.Login_page_test_case">
    <skipped/>
  </testcase> <!-- English_Login_with_incorrect_Password -->
  <testcase name="Arabic_Login_with_incorrect_Password" time="0.0" classname="com.eit.stepdefinition.Login_page_test_case">
    <skipped/>
  </testcase> <!-- Arabic_Login_with_incorrect_Password -->
  <testcase name="English_Login" time="0.0" classname="com.eit.stepdefinition.Login_page_test_case">
    <skipped/>
  </testcase> <!-- English_Login -->
  <testcase name="Arabic_Login" time="0.0" classname="com.eit.stepdefinition.Login_page_test_case">
    <skipped/>
  </testcase> <!-- Arabic_Login -->
  <testcase name="English_Login_RememeberMe" time="0.0" classname="com.eit.stepdefinition.Login_page_test_case">
    <skipped/>
  </testcase> <!-- English_Login_RememeberMe -->
  <testcase name="Arabic_Login_RememeberMe" time="0.0" classname="com.eit.stepdefinition.Login_page_test_case">
    <skipped/>
  </testcase> <!-- Arabic_Login_RememeberMe -->
  <testcase name="English_ForgetPassword_without_Corporate_ID" time="0.0" classname="com.eit.stepdefinition.Login_page_test_case">
    <skipped/>
  </testcase> <!-- English_ForgetPassword_without_Corporate_ID -->
  <testcase name="Arabic_ForgetPassword_without_Corporate_ID" time="0.0" classname="com.eit.stepdefinition.Login_page_test_case">
    <skipped/>
  </testcase> <!-- Arabic_ForgetPassword_without_Corporate_ID -->
  <testcase name="English_ForgetPassword_without_User_name" time="0.0" classname="com.eit.stepdefinition.Login_page_test_case">
    <skipped/>
  </testcase> <!-- English_ForgetPassword_without_User_name -->
  <testcase name="Arabic_ForgetPassword_without_User_name" time="0.0" classname="com.eit.stepdefinition.Login_page_test_case">
    <skipped/>
  </testcase> <!-- Arabic_ForgetPassword_without_User_name -->
  <testcase name="English_ForgetPassword_without_Email_ID" time="0.0" classname="com.eit.stepdefinition.Login_page_test_case">
    <skipped/>
  </testcase> <!-- English_ForgetPassword_without_Email_ID -->
  <testcase name="Arabic_ForgetPassword_without_Email_ID" time="0.0" classname="com.eit.stepdefinition.Login_page_test_case">
    <skipped/>
  </testcase> <!-- Arabic_ForgetPassword_without_Email_ID -->
  <testcase name="English_ForgetPassword_with_incorrect_Corporate_ID" time="0.0" classname="com.eit.stepdefinition.Login_page_test_case">
    <skipped/>
  </testcase> <!-- English_ForgetPassword_with_incorrect_Corporate_ID -->
  <testcase name="Arabic_ForgetPassword_with_incorrect_Corporate_ID" time="0.0" classname="com.eit.stepdefinition.Login_page_test_case">
    <skipped/>
  </testcase> <!-- Arabic_ForgetPassword_with_incorrect_Corporate_ID -->
  <testcase name="English_ForgetPassword_with_incorrect_User_name" time="0.0" classname="com.eit.stepdefinition.Login_page_test_case">
    <skipped/>
  </testcase> <!-- English_ForgetPassword_with_incorrect_User_name -->
  <testcase name="Arabic_ForgetPassword_with_incorrect_User_name" time="0.0" classname="com.eit.stepdefinition.Login_page_test_case">
    <skipped/>
  </testcase> <!-- Arabic_ForgetPassword_with_incorrect_User_name -->
  <testcase name="English_Forget_password_Entering_invalid_Email_ID_and_clicking_Submit_button_3_times_sequentially_and_after_that_enter_valid_Email_Id_and_click_Submit_enter_the_received_password_and_Click_login" time="0.0" classname="com.eit.stepdefinition.Login_page_test_case">
    <skipped/>
  </testcase> <!-- English_Forget_password_Entering_invalid_Email_ID_and_clicking_Submit_button_3_times_sequentially_and_after_that_enter_valid_Email_Id_and_click_Submit_enter_the_received_password_and_Click_login -->
  <testcase name="Arabic_Forget_password_Entering_invalid_Email_ID_and_clicking_Submit_button_3_times_sequentially_and_after_that_enter_valid_Email_Id_and_click_Submit_enter_the_received_password_and_Click_login" time="0.0" classname="com.eit.stepdefinition.Login_page_test_case">
    <skipped/>
  </testcase> <!-- Arabic_Forget_password_Entering_invalid_Email_ID_and_clicking_Submit_button_3_times_sequentially_and_after_that_enter_valid_Email_Id_and_click_Submit_enter_the_received_password_and_Click_login -->
</testsuite> <!-- Login_TestCase -->
